server/controllers/adminFinance.controller.ts(120,48): error TS2769: No overload matches this call.
  Overload 1 of 2, '(pipeline?: PipelineStage[] | undefined, options?: AggregateOptions | undefined): Aggregate<any[]>', gave the following error.
    Argument of type '({ $match: any; $addFields?: undefined; $facet?: undefined; $project?: undefined; } | { $addFields: { stateShare: { $add: string[]; }; companyShare: string; }; $match?: undefined; $facet?: undefined; $project?: undefined; } | { ...; } | { ...; })[]' is not assignable to parameter of type 'PipelineStage[]'.
      Type '{ $match: any; $addFields?: undefined; $facet?: undefined; $project?: undefined; } | { $addFields: { stateShare: { $add: string[]; }; companyShare: string; }; $match?: undefined; $facet?: undefined; $project?: undefined; } | { ...; } | { ...; }' is not assignable to type 'PipelineStage'.
        Type '{ $facet: { data: ({ $group: { _id: string; paymentsCount: { $sum: number; }; totalAmount: { $sum: string; }; stampTotal: { $sum: string; }; warTotal: { $sum: string; }; martyrTotal: { $sum: string; }; localTotal: { ...; }; ... 4 more ...; companyShareTotal: { ...; }; }; $lookup?: undefined; $unwind?: undefined; $pr...' is not assignable to type 'PipelineStage'.
          Type '{ $facet: { data: ({ $group: { _id: string; paymentsCount: { $sum: number; }; totalAmount: { $sum: string; }; stampTotal: { $sum: string; }; warTotal: { $sum: string; }; martyrTotal: { $sum: string; }; localTotal: { ...; }; ... 4 more ...; companyShareTotal: { ...; }; }; $lookup?: undefined; $unwind?: undefined; $pr...' is not assignable to type 'Project'.
            Types of property '$project' are incompatible.
              Type 'undefined' is not assignable to type '{ [field: string]: any; }'.
  Overload 2 of 2, '(pipeline: PipelineStage[]): Aggregate<any[]>', gave the following error.
    Argument of type '({ $match: any; $addFields?: undefined; $facet?: undefined; $project?: undefined; } | { $addFields: { stateShare: { $add: string[]; }; companyShare: string; }; $match?: undefined; $facet?: undefined; $project?: undefined; } | { ...; } | { ...; })[]' is not assignable to parameter of type 'PipelineStage[]'.
      Type '{ $match: any; $addFields?: undefined; $facet?: undefined; $project?: undefined; } | { $addFields: { stateShare: { $add: string[]; }; companyShare: string; }; $match?: undefined; $facet?: undefined; $project?: undefined; } | { ...; } | { ...; }' is not assignable to type 'PipelineStage'.
        Type '{ $facet: { data: ({ $group: { _id: string; paymentsCount: { $sum: number; }; totalAmount: { $sum: string; }; stampTotal: { $sum: string; }; warTotal: { $sum: string; }; martyrTotal: { $sum: string; }; localTotal: { ...; }; ... 4 more ...; companyShareTotal: { ...; }; }; $lookup?: undefined; $unwind?: undefined; $pr...' is not assignable to type 'PipelineStage'.
          Type '{ $facet: { data: ({ $group: { _id: string; paymentsCount: { $sum: number; }; totalAmount: { $sum: string; }; stampTotal: { $sum: string; }; warTotal: { $sum: string; }; martyrTotal: { $sum: string; }; localTotal: { ...; }; ... 4 more ...; companyShareTotal: { ...; }; }; $lookup?: undefined; $unwind?: undefined; $pr...' is not assignable to type 'Project'.
            Types of property '$project' are incompatible.
              Type 'undefined' is not assignable to type '{ [field: string]: any; }'.
server/routes/admin.centers.routes.ts(37,34): error TS2769: No overload matches this call.
  Overload 1 of 5, '(docs: { isActive?: boolean | undefined; name?: StringQueryTypeCasting | undefined; legacyId?: number | null | undefined; ip?: StringQueryTypeCasting | null | undefined; ... 4 more ...; _id?: ObjectIdQueryTypeCasting | undefined; }[], options?: CreateOptions | undefined): Promise<...>', gave the following error.
    Object literal may only specify known properties, and 'name' does not exist in type '{ isActive?: boolean | undefined; name?: StringQueryTypeCasting | undefined; legacyId?: number | null | undefined; ip?: StringQueryTypeCasting | null | undefined; ... 4 more ...; _id?: ObjectIdQueryTypeCasting | undefined; }[]'.
  Overload 2 of 5, '(doc: { isActive?: boolean | undefined; name?: StringQueryTypeCasting | undefined; legacyId?: number | null | undefined; ip?: StringQueryTypeCasting | null | undefined; ... 4 more ...; _id?: ObjectIdQueryTypeCasting | undefined; }): Promise<...>', gave the following error.
    Object literal may only specify known properties, and 'address' does not exist in type '{ isActive?: boolean | undefined; name?: StringQueryTypeCasting | undefined; legacyId?: number | null | undefined; ip?: StringQueryTypeCasting | null | undefined; ... 4 more ...; _id?: ObjectIdQueryTypeCasting | undefined; }'.
  Overload 3 of 5, '(...docs: { isActive?: boolean | undefined; name?: StringQueryTypeCasting | undefined; legacyId?: number | null | undefined; ip?: StringQueryTypeCasting | null | undefined; ... 4 more ...; _id?: ObjectIdQueryTypeCasting | undefined; }[]): Promise<...>', gave the following error.
    Object literal may only specify known properties, and 'address' does not exist in type '{ isActive?: boolean | undefined; name?: StringQueryTypeCasting | undefined; legacyId?: number | null | undefined; ip?: StringQueryTypeCasting | null | undefined; ... 4 more ...; _id?: ObjectIdQueryTypeCasting | undefined; }'.
server/routes/admin.exports.routes.ts(4,42): error TS7016: Could not find a declaration file for module 'json2csv'. 'J:/SIGURTA_LOCAL/sig_local_back/sig_local_back-main/server/node_modules/json2csv/lib/json2csv.js' implicitly has an 'any' type.
  Try `npm i --save-dev @types/json2csv` if it exists or add a new declaration (.d.ts) file containing `declare module 'json2csv';`
server/routes/admin.routes.ts(21,28): error TS2304: Cannot find name 'AuthRequest'.
server/routes/admin.routes.ts(23,16): error TS2349: This expression is not callable.
  Type 'Number' has no call signatures.
server/routes/admin.routes.ts(69,27): error TS2769: No overload matches this call.
  Overload 1 of 5, '(docs: { username?: StringQueryTypeCasting | undefined; password?: StringQueryTypeCasting | undefined; email?: StringQueryTypeCasting | undefined; ... 66 more ...; validateSync?: { ...; } | undefined; }[], options?: CreateOptions | undefined): Promise<...>', gave the following error.
    Object literal may only specify known properties, and 'username' does not exist in type '{ username?: StringQueryTypeCasting | undefined; password?: StringQueryTypeCasting | undefined; email?: StringQueryTypeCasting | undefined; ... 66 more ...; validateSync?: { ...; } | undefined; }[]'.
  Overload 2 of 5, '(doc: { username?: StringQueryTypeCasting | undefined; password?: StringQueryTypeCasting | undefined; email?: StringQueryTypeCasting | undefined; ... 66 more ...; validateSync?: { ...; } | undefined; }): Promise<...>', gave the following error.
    Object literal may only specify known properties, but 'centerId' does not exist in type '{ username?: StringQueryTypeCasting | undefined; password?: StringQueryTypeCasting | undefined; email?: StringQueryTypeCasting | undefined; ... 66 more ...; validateSync?: { ...; } | undefined; }'. Did you mean to write 'center'?
  Overload 3 of 5, '(...docs: { username?: StringQueryTypeCasting | undefined; password?: StringQueryTypeCasting | undefined; email?: StringQueryTypeCasting | undefined; ... 66 more ...; validateSync?: { ...; } | undefined; }[]): Promise<...>', gave the following error.
    Object literal may only specify known properties, but 'centerId' does not exist in type '{ username?: StringQueryTypeCasting | undefined; password?: StringQueryTypeCasting | undefined; email?: StringQueryTypeCasting | undefined; ... 66 more ...; validateSync?: { ...; } | undefined; }'. Did you mean to write 'center'?
server/routes/admin.routes.ts(162,3): error TS2769: No overload matches this call.
  The last overload gave the following error.
    Argument of type '(req: AuthRequest, res: Response, next: any) => any' is not assignable to parameter of type 'RequestHandlerParams<ParamsDictionary, any, any, ParsedQs, Record<string, any>>'.
      Type '(req: AuthRequest, res: Response, next: any) => any' is not assignable to type 'RequestHandler<ParamsDictionary, any, any, ParsedQs, Record<string, any>>'.
        Types of parameters 'res' and 'res' are incompatible.
          Type 'Response<any, Record<string, any>, number>' is missing the following properties from type 'Response': headers, ok, statusText, url, and 9 more.
server/routes/admin.ts(67,27): error TS2769: No overload matches this call.
  Overload 1 of 5, '(docs: { username?: StringQueryTypeCasting | undefined; password?: StringQueryTypeCasting | undefined; email?: StringQueryTypeCasting | undefined; ... 66 more ...; validateSync?: { ...; } | undefined; }[], options?: CreateOptions | undefined): Promise<...>', gave the following error.
    Object literal may only specify known properties, and 'username' does not exist in type '{ username?: StringQueryTypeCasting | undefined; password?: StringQueryTypeCasting | undefined; email?: StringQueryTypeCasting | undefined; ... 66 more ...; validateSync?: { ...; } | undefined; }[]'.
  Overload 2 of 5, '(doc: { username?: StringQueryTypeCasting | undefined; password?: StringQueryTypeCasting | undefined; email?: StringQueryTypeCasting | undefined; ... 66 more ...; validateSync?: { ...; } | undefined; }): Promise<...>', gave the following error.
    Object literal may only specify known properties, but 'centerId' does not exist in type '{ username?: StringQueryTypeCasting | undefined; password?: StringQueryTypeCasting | undefined; email?: StringQueryTypeCasting | undefined; ... 66 more ...; validateSync?: { ...; } | undefined; }'. Did you mean to write 'center'?
  Overload 3 of 5, '(...docs: { username?: StringQueryTypeCasting | undefined; password?: StringQueryTypeCasting | undefined; email?: StringQueryTypeCasting | undefined; ... 66 more ...; validateSync?: { ...; } | undefined; }[]): Promise<...>', gave the following error.
    Object literal may only specify known properties, but 'centerId' does not exist in type '{ username?: StringQueryTypeCasting | undefined; password?: StringQueryTypeCasting | undefined; email?: StringQueryTypeCasting | undefined; ... 66 more ...; validateSync?: { ...; } | undefined; }'. Did you mean to write 'center'?
server/routes/auth.ts(26,14): error TS2769: No overload matches this call.
  Overload 1 of 5, '(payload: string | object | Buffer<ArrayBufferLike>, secretOrPrivateKey: null, options?: (SignOptions & { algorithm: "none"; }) | undefined): string', gave the following error.
    Argument of type 'string' is not assignable to parameter of type 'null'.
  Overload 2 of 5, '(payload: string | object | Buffer<ArrayBufferLike>, secretOrPrivateKey: Buffer<ArrayBufferLike> | Secret | JsonWebKeyInput | PrivateKeyInput, options?: SignOptions | undefined): string', gave the following error.
    Type 'string' is not assignable to type 'number | StringValue | undefined'.
  Overload 3 of 5, '(payload: string | object | Buffer<ArrayBufferLike>, secretOrPrivateKey: Buffer<ArrayBufferLike> | Secret | JsonWebKeyInput | PrivateKeyInput, callback: SignCallback): void', gave the following error.
    Object literal may only specify known properties, and 'expiresIn' does not exist in type 'SignCallback'.
server/routes/centers.routes.ts(4,10): error TS2614: Module '"../models/Center"' has no exported member 'Center'. Did you mean to use 'import Center from "../models/Center"' instead?
server/routes/foreignVehicles.routes.ts(4,10): error TS2614: Module '"../models/ForeignVehicle"' has no exported member 'ForeignVehicle'. Did you mean to use 'import ForeignVehicle from "../models/ForeignVehicle"' instead?
server/routes/foreignVehicles.routes.ts(16,58): error TS2339: Property 'user' does not exist on type 'Request<ParamsDictionary, any, any, ParsedQs, Record<string, any>>'.
server/routes/foreignVehicles.routes.ts(28,17): error TS2339: Property 'user' does not exist on type 'Request<ParamsDictionary, any, any, ParsedQs, Record<string, any>>'.
server/routes/payments.ts(176,35): error TS2769: No overload matches this call.
  Overload 1 of 5, '(docs: { vehicleModel?: StringQueryTypeCasting | undefined; vehicleId?: ObjectIdQueryTypeCasting | undefined; policyNumber?: StringQueryTypeCasting | undefined; ... 69 more ...; validateSync?: { ...; } | undefined; }[], options?: CreateOptions | undefined): Promise<...>', gave the following error.
    Object literal may only specify known properties, and 'vehicleId' does not exist in type '{ vehicleModel?: StringQueryTypeCasting | undefined; vehicleId?: ObjectIdQueryTypeCasting | undefined; policyNumber?: StringQueryTypeCasting | undefined; ... 69 more ...; validateSync?: { ...; } | undefined; }[]'.
  Overload 2 of 5, '(doc: { vehicleModel?: StringQueryTypeCasting | undefined; vehicleId?: ObjectIdQueryTypeCasting | undefined; policyNumber?: StringQueryTypeCasting | undefined; ... 69 more ...; validateSync?: { ...; } | undefined; }): Promise<...>', gave the following error.
    Type 'ObjectId | null' is not assignable to type 'ObjectIdQueryTypeCasting | undefined'.
      Type 'null' is not assignable to type 'ObjectIdQueryTypeCasting | undefined'.
  Overload 3 of 5, '(...docs: { vehicleModel?: StringQueryTypeCasting | undefined; vehicleId?: ObjectIdQueryTypeCasting | undefined; policyNumber?: StringQueryTypeCasting | undefined; ... 69 more ...; validateSync?: { ...; } | undefined; }[]): Promise<...>', gave the following error.
    Type 'ObjectId | null' is not assignable to type 'ObjectIdQueryTypeCasting | undefined'.
      Type 'null' is not assignable to type 'ObjectIdQueryTypeCasting | undefined'.
server/routes/payments.ts(198,49): error TS2339: Property 'center' does not exist on type 'never'.
server/routes/payments.ts(199,50): error TS2339: Property 'insuranceCompany' does not exist on type 'never'.
server/routes/payments.ts(202,28): error TS2339: Property '_id' does not exist on type 'never'.
server/routes/payments.ts(205,30): error TS2339: Property '_id' does not exist on type 'never'.
server/routes/payments.ts(206,33): error TS2339: Property 'policyNumber' does not exist on type 'never'.
server/routes/payments.ts(224,30): error TS2339: Property 'createdAt' does not exist on type 'never'.
server/routes/users.routes.ts(4,10): error TS2724: '"../models/User"' has no exported member named 'User'. Did you mean 'IUser'?
server/routes/vehicles.ts(88,19): error TS2322: Type '(Document<unknown, {}, { phoneNumber: string; model: string; year: number; vehicleType: string; ownerName: string; nationalId: string; address: string; plateNumber: string; plateCountry: string; chassisNumber: string; ... 15 more ...; entryPoint?: string | ... 1 more ... | undefined; } & DefaultTimestampProps, { ......' is not assignable to type '(Document<unknown, {}, { phoneNumber: string; model: string; year: number; vehicleType: string; ownerName: string; nationalId: string; address: string; plateNumber: string; plateCountry: string; chassisNumber: string; ... 9 more ...; createdBy?: ObjectId | ... 1 more ... | undefined; } & DefaultTimestampProps, { ......'.
  Type 'Document<unknown, {}, { phoneNumber: string; model: string; year: number; vehicleType: string; ownerName: string; nationalId: string; address: string; plateNumber: string; plateCountry: string; chassisNumber: string; ... 15 more ...; entryPoint?: string | ... 1 more ... | undefined; } & DefaultTimestampProps, { ...;...' is not assignable to type '(Document<unknown, {}, { phoneNumber: string; model: string; year: number; vehicleType: string; ownerName: string; nationalId: string; address: string; plateNumber: string; plateCountry: string; chassisNumber: string; ... 9 more ...; createdBy?: ObjectId | ... 1 more ... | undefined; } & DefaultTimestampProps, { ......'.
    Type 'Document<unknown, {}, { phoneNumber: string; model: string; year: number; vehicleType: string; ownerName: string; nationalId: string; address: string; plateNumber: string; plateCountry: string; chassisNumber: string; ... 15 more ...; entryPoint?: string | ... 1 more ... | undefined; } & DefaultTimestampProps, { ...;...' is not assignable to type 'Document<unknown, {}, { phoneNumber: string; model: string; year: number; vehicleType: string; ownerName: string; nationalId: string; address: string; plateNumber: string; plateCountry: string; chassisNumber: string; ... 9 more ...; createdBy?: ObjectId | ... 1 more ... | undefined; } & DefaultTimestampProps, { ...;...'.
      Type 'Document<unknown, {}, { phoneNumber: string; model: string; year: number; vehicleType: string; ownerName: string; nationalId: string; address: string; plateNumber: string; plateCountry: string; chassisNumber: string; ... 15 more ...; entryPoint?: string | ... 1 more ... | undefined; } & DefaultTimestampProps, { ...;...' is not assignable to type 'Document<unknown, {}, { phoneNumber: string; model: string; year: number; vehicleType: string; ownerName: string; nationalId: string; address: string; plateNumber: string; plateCountry: string; chassisNumber: string; ... 9 more ...; createdBy?: ObjectId | ... 1 more ... | undefined; } & DefaultTimestampProps, { ...;...'.
        The types of 'deleteOne(...).$where(...).and' are incompatible between these types.
          Type '(array: _QueryFilter<{ phoneNumber: string; model: string; year: number; vehicleType: string; ownerName: string; nationalId: string; address: string; plateNumber: string; plateCountry: string; chassisNumber: string; ... 21 more ...; "pricing.quote": { ...; }; }>[]) => Query<...>' is not assignable to type '(array: _QueryFilter<{ phoneNumber: string; model: string; year: number; vehicleType: string; ownerName: string; nationalId: string; address: string; plateNumber: string; plateCountry: string; chassisNumber: string; ... 18 more ...; "pricing.classification": string; }>[]) => Query<...>'.
            Types of parameters 'array' and 'array' are incompatible.
              Type '_QueryFilter<{ phoneNumber: string; model: string; year: number; vehicleType: string; ownerName: string; nationalId: string; address: string; plateNumber: string; plateCountry: string; chassisNumber: string; ... 18 more ...; "pricing.classification": string; }>[]' is not assignable to type '_QueryFilter<{ phoneNumber: string; model: string; year: number; vehicleType: string; ownerName: string; nationalId: string; address: string; plateNumber: string; plateCountry: string; chassisNumber: string; ... 21 more ...; "pricing.quote": { ...; }; }>[]'.
                Type '_QueryFilter<{ phoneNumber: string; model: string; year: number; vehicleType: string; ownerName: string; nationalId: string; address: string; plateNumber: string; plateCountry: string; chassisNumber: string; ... 18 more ...; "pricing.classification": string; }>' is not assignable to type '_QueryFilter<{ phoneNumber: string; model: string; year: number; vehicleType: string; ownerName: string; nationalId: string; address: string; plateNumber: string; plateCountry: string; chassisNumber: string; ... 21 more ...; "pricing.quote": { ...; }; }>'.
                  Type '_QueryFilter<{ phoneNumber: string; model: string; year: number; vehicleType: string; ownerName: string; nationalId: string; address: string; plateNumber: string; plateCountry: string; chassisNumber: string; ... 18 more ...; "pricing.classification": string; }>' is not assignable to type 'RootFilterOperators<{ phoneNumber?: ApplyBasicQueryCasting<string> | undefined; model?: ApplyBasicQueryCasting<string> | undefined; year?: ApplyBasicQueryCasting<...> | undefined; ... 29 more ...; _id?: ApplyBasicQueryCasting<...> | undefined; }>'.
                    Types of property '$where' are incompatible.
                      Type 'string | ((this: { phoneNumber?: ApplyBasicQueryCasting<string> | undefined; model?: ApplyBasicQueryCasting<string> | undefined; ... 27 more ...; _id?: ApplyBasicQueryCasting<...> | undefined; }) => boolean) | undefined' is not assignable to type 'string | ((this: { phoneNumber?: ApplyBasicQueryCasting<string> | undefined; model?: ApplyBasicQueryCasting<string> | undefined; ... 30 more ...; _id?: ApplyBasicQueryCasting<...> | undefined; }) => boolean) | undefined'.
                        Type '(this: { phoneNumber?: ApplyBasicQueryCasting<string> | undefined; model?: ApplyBasicQueryCasting<string> | undefined; year?: ApplyBasicQueryCasting<...> | undefined; ... 26 more ...; _id?: ApplyBasicQueryCasting<...> | undefined; }) => boolean' is not assignable to type 'string | ((this: { phoneNumber?: ApplyBasicQueryCasting<string> | undefined; model?: ApplyBasicQueryCasting<string> | undefined; ... 30 more ...; _id?: ApplyBasicQueryCasting<...> | undefined; }) => boolean) | undefined'.
                          Type '(this: { phoneNumber?: ApplyBasicQueryCasting<string> | undefined; model?: ApplyBasicQueryCasting<string> | undefined; year?: ApplyBasicQueryCasting<...> | undefined; ... 26 more ...; _id?: ApplyBasicQueryCasting<...> | undefined; }) => boolean' is not assignable to type '(this: { phoneNumber?: ApplyBasicQueryCasting<string> | undefined; model?: ApplyBasicQueryCasting<string> | undefined; year?: ApplyBasicQueryCasting<...> | undefined; ... 29 more ...; _id?: ApplyBasicQueryCasting<...> | undefined; }) => boolean'.
                            The 'this' types of each signature are incompatible.
                              Type '{ phoneNumber?: ApplyBasicQueryCasting<string> | undefined; model?: ApplyBasicQueryCasting<string> | undefined; year?: ApplyBasicQueryCasting<number> | undefined; ... 29 more ...; _id?: ApplyBasicQueryCasting<...> | undefined; }' is not assignable to type '{ phoneNumber?: ApplyBasicQueryCasting<string> | undefined; model?: ApplyBasicQueryCasting<string> | undefined; year?: ApplyBasicQueryCasting<number> | undefined; ... 26 more ...; _id?: ApplyBasicQueryCasting<...> | undefined; }'.
                                Types of property 'pricing' are incompatible.
                                  Type 'ApplyBasicQueryCasting<{ months: number; borderVehicleType: string; quote: { netPremium: number; stampFee: number; warEffort: number; martyrFund: number; localAdministration: number; reconstruction: number; total: number; }; insuranceType?: "internal" | ... 2 more ... | undefined; }> | undefined' is not assignable to type 'ApplyBasicQueryCasting<{ vehicleCode: string; category: string; classification: string; months: number; borderVehicleType: string; quote: { netPremium: number; stampFee: number; warEffort: number; martyrFund: number; localAdministration: number; reconstruction: number; total: number; }; insuranceType?: "internal" | ...'.
                                    Type '{ months: number; borderVehicleType: string; quote: { netPremium: number; stampFee: number; warEffort: number; martyrFund: number; localAdministration: number; reconstruction: number; total: number; }; insuranceType?: "internal" | ... 2 more ... | undefined; }' is not assignable to type 'ApplyBasicQueryCasting<{ vehicleCode: string; category: string; classification: string; months: number; borderVehicleType: string; quote: { netPremium: number; stampFee: number; warEffort: number; martyrFund: number; localAdministration: number; reconstruction: number; total: number; }; insuranceType?: "internal" | ...'.
                                      Type '{ months: number; borderVehicleType: string; quote: { netPremium: number; stampFee: number; warEffort: number; martyrFund: number; localAdministration: number; reconstruction: number; total: number; }; insuranceType?: "internal" | ... 2 more ... | undefined; }' is missing the following properties from type '{ vehicleCode: string; category: string; classification: string; months: number; borderVehicleType: string; quote: { netPremium: number; stampFee: number; warEffort: number; martyrFund: number; localAdministration: number; reconstruction: number; total: number; }; insuranceType?: "internal" | ... 2 more ... | undefi...': vehicleCode, category, classification
server/scripts/fixCentersConstraints.ts(2,22): error TS7016: Could not find a declaration file for module 'pg'. 'J:/SIGURTA_LOCAL/sig_local_back/sig_local_back-main/node_modules/pg/esm/index.mjs' implicitly has an 'any' type.
  Try `npm i --save-dev @types/pg` if it exists or add a new declaration (.d.ts) file containing `declare module 'pg';`
server/scripts/importMandatoryPolicies.ts(156,22): error TS18048: 'db' is possibly 'undefined'.
server/scripts/importMandatoryPolicies.ts(157,21): error TS18048: 'db' is possibly 'undefined'.
server/scripts/importMandatoryPolicies.ts(158,23): error TS18048: 'db' is possibly 'undefined'.
server/scripts/linkCompanies.ts(2,22): error TS7016: Could not find a declaration file for module 'pg'. 'J:/SIGURTA_LOCAL/sig_local_back/sig_local_back-main/node_modules/pg/esm/index.mjs' implicitly has an 'any' type.
  Try `npm i --save-dev @types/pg` if it exists or add a new declaration (.d.ts) file containing `declare module 'pg';`
server/scripts/linkCompanies.ts(84,45): error TS7006: Parameter 'x' implicitly has an 'any' type.
server/scripts/migrateMongoToPostgres.ts(3,22): error TS7016: Could not find a declaration file for module 'pg'. 'J:/SIGURTA_LOCAL/sig_local_back/sig_local_back-main/node_modules/pg/esm/index.mjs' implicitly has an 'any' type.
  Try `npm i --save-dev @types/pg` if it exists or add a new declaration (.d.ts) file containing `declare module 'pg';`
server/scripts/seed-car-colors.ts(37,33): error TS2345: Argument of type 'string | undefined' is not assignable to parameter of type 'string'.
  Type 'undefined' is not assignable to type 'string'.
server/scripts/seed-car-models.ts(35,33): error TS2345: Argument of type 'string | undefined' is not assignable to parameter of type 'string'.
  Type 'undefined' is not assignable to type 'string'.
