server/controllers/adminFinance.controller.ts(120,48): error TS2769: No overload matches this call.
  Overload 1 of 2, '(pipeline?: PipelineStage[] | undefined, options?: AggregateOptions | undefined): Aggregate<any[]>', gave the following error.
    Argument of type '({ $match: any; $addFields?: undefined; $facet?: undefined; $project?: undefined; } | { $addFields: { stateShare: { $add: string[]; }; companyShare: string; }; $match?: undefined; $facet?: undefined; $project?: undefined; } | { ...; } | { ...; })[]' is not assignable to parameter of type 'PipelineStage[]'.
      Type '{ $match: any; $addFields?: undefined; $facet?: undefined; $project?: undefined; } | { $addFields: { stateShare: { $add: string[]; }; companyShare: string; }; $match?: undefined; $facet?: undefined; $project?: undefined; } | { ...; } | { ...; }' is not assignable to type 'PipelineStage'.
        Type '{ $facet: { data: ({ $group: { _id: string; paymentsCount: { $sum: number; }; totalAmount: { $sum: string; }; stampTotal: { $sum: string; }; warTotal: { $sum: string; }; martyrTotal: { $sum: string; }; localTotal: { ...; }; ... 4 more ...; companyShareTotal: { ...; }; }; $lookup?: undefined; $unwind?: undefined; $pr...' is not assignable to type 'PipelineStage'.
          Type '{ $facet: { data: ({ $group: { _id: string; paymentsCount: { $sum: number; }; totalAmount: { $sum: string; }; stampTotal: { $sum: string; }; warTotal: { $sum: string; }; martyrTotal: { $sum: string; }; localTotal: { ...; }; ... 4 more ...; companyShareTotal: { ...; }; }; $lookup?: undefined; $unwind?: undefined; $pr...' is not assignable to type 'Project'.
            Types of property '$project' are incompatible.
              Type 'undefined' is not assignable to type '{ [field: string]: any; }'.
  Overload 2 of 2, '(pipeline: PipelineStage[]): Aggregate<any[]>', gave the following error.
    Argument of type '({ $match: any; $addFields?: undefined; $facet?: undefined; $project?: undefined; } | { $addFields: { stateShare: { $add: string[]; }; companyShare: string; }; $match?: undefined; $facet?: undefined; $project?: undefined; } | { ...; } | { ...; })[]' is not assignable to parameter of type 'PipelineStage[]'.
      Type '{ $match: any; $addFields?: undefined; $facet?: undefined; $project?: undefined; } | { $addFields: { stateShare: { $add: string[]; }; companyShare: string; }; $match?: undefined; $facet?: undefined; $project?: undefined; } | { ...; } | { ...; }' is not assignable to type 'PipelineStage'.
        Type '{ $facet: { data: ({ $group: { _id: string; paymentsCount: { $sum: number; }; totalAmount: { $sum: string; }; stampTotal: { $sum: string; }; warTotal: { $sum: string; }; martyrTotal: { $sum: string; }; localTotal: { ...; }; ... 4 more ...; companyShareTotal: { ...; }; }; $lookup?: undefined; $unwind?: undefined; $pr...' is not assignable to type 'PipelineStage'.
          Type '{ $facet: { data: ({ $group: { _id: string; paymentsCount: { $sum: number; }; totalAmount: { $sum: string; }; stampTotal: { $sum: string; }; warTotal: { $sum: string; }; martyrTotal: { $sum: string; }; localTotal: { ...; }; ... 4 more ...; companyShareTotal: { ...; }; }; $lookup?: undefined; $unwind?: undefined; $pr...' is not assignable to type 'Project'.
            Types of property '$project' are incompatible.
              Type 'undefined' is not assignable to type '{ [field: string]: any; }'.
server/routes/payments.ts(176,35): error TS2769: No overload matches this call.
  Overload 1 of 5, '(docs: { vehicleModel?: StringQueryTypeCasting | undefined; vehicleId?: ObjectIdQueryTypeCasting | undefined; policyNumber?: StringQueryTypeCasting | undefined; ... 71 more ...; validateSync?: { ...; } | undefined; }[], options?: CreateOptions | undefined): Promise<...>', gave the following error.
    Object literal may only specify known properties, and 'vehicleId' does not exist in type '{ vehicleModel?: StringQueryTypeCasting | undefined; vehicleId?: ObjectIdQueryTypeCasting | undefined; policyNumber?: StringQueryTypeCasting | undefined; ... 71 more ...; validateSync?: { ...; } | undefined; }[]'.
  Overload 2 of 5, '(doc: { vehicleModel?: StringQueryTypeCasting | undefined; vehicleId?: ObjectIdQueryTypeCasting | undefined; policyNumber?: StringQueryTypeCasting | undefined; ... 71 more ...; validateSync?: { ...; } | undefined; }): Promise<...>', gave the following error.
    Type 'ObjectId | null' is not assignable to type 'ObjectIdQueryTypeCasting | undefined'.
      Type 'null' is not assignable to type 'ObjectIdQueryTypeCasting | undefined'.
  Overload 3 of 5, '(...docs: { vehicleModel?: StringQueryTypeCasting | undefined; vehicleId?: ObjectIdQueryTypeCasting | undefined; policyNumber?: StringQueryTypeCasting | undefined; ... 71 more ...; validateSync?: { ...; } | undefined; }[]): Promise<...>', gave the following error.
    Type 'ObjectId | null' is not assignable to type 'ObjectIdQueryTypeCasting | undefined'.
      Type 'null' is not assignable to type 'ObjectIdQueryTypeCasting | undefined'.
server/routes/payments.ts(198,49): error TS2339: Property 'center' does not exist on type 'never'.
server/routes/payments.ts(199,50): error TS2339: Property 'insuranceCompany' does not exist on type 'never'.
server/routes/payments.ts(202,28): error TS2339: Property '_id' does not exist on type 'never'.
server/routes/payments.ts(205,30): error TS2339: Property '_id' does not exist on type 'never'.
server/routes/payments.ts(206,33): error TS2339: Property 'policyNumber' does not exist on type 'never'.
server/routes/payments.ts(224,30): error TS2339: Property 'createdAt' does not exist on type 'never'.
